==> Building model 'densenet121'
0.1
Saving...73.51333333333334
0.1
Saving...74.43333333333334
0.1
0.1
0.1
0.1
0.1
Saving...74.46333333333334
0.1
Saving...74.87333333333333
0.1
0.1
0.1
0.1
0.1
0.1
0.1
0.1
0.1
0.1
0.1
Saving...75.37333333333333
0.1
0.1
0.1
0.1
0.1
0.1
0.1
0.1
Saving...75.54333333333334
0.1
0.1
0.1
0.1
0.1
0.1
0.1
0.1
0.1
0.1
0.05
0.05
0.05
0.05
0.05
0.05
0.05
0.05
Saving...75.95333333333333
0.05
Saving...76.86333333333333
0.05
0.05
0.05
0.05
0.05
0.05
0.05
0.05
0.05
0.05
0.025
0.025
0.025
Saving...77.05666666666667
0.025
0.025
0.025
0.025
Saving...77.21666666666667
0.025
0.025
0.025
0.025
0.025
Saving...77.71666666666667
0.025
0.025
0.025
Saving...77.93333333333334
0.025
0.025
Saving...79.03666666666666
0.025
0.025
0.025
0.025
0.025
0.025
0.025
0.025
0.025
0.025
0.0125
0.0125
0.0125
Saving...79.54
0.0125
0.0125
0.0125
0.0125
Saving...79.82666666666667
0.0125
0.0125
0.0125
0.0125
0.0125
Saving...80.12
0.0125
0.0125
0.0125
0.0125
0.0125
0.00625
0.00625
0.00625
0.00625
0.00625
0.00625
0.00625
0.00625
Saving...80.98666666666666
0.00625
0.00625
0.00625
0.00625
0.00625
0.00625
0.00625
0.00625
0.00625
0.00625
0.003125
0.003125
0.003125
0.003125
Saving...81.41333333333333
0.003125
Saving...81.93333333333334
0.003125
0.003125
0.003125
0.003125
Saving...82.52333333333333
0.003125
0.003125
0.003125
0.003125
0.003125
0.003125
0.003125
0.003125
0.003125
0.003125
0.003125
0.003125
0.003125
0.003125
0.003125
0.003125
Saving...82.58333333333333
0.003125
Saving...82.65666666666667
0.003125
0.003125
0.003125
0.003125
0.003125
0.003125
0.003125
0.003125
0.003125
0.0015625
0.0015625
Saving...83.11666666666666
0.0015625
0.0015625
0.0015625
0.0015625
0.0015625
0.0015625
0.0015625
0.0015625
Saving...83.25666666666666
0.0015625
0.0015625
0.0015625
0.0015625
0.0015625
0.0015625
0.0015625
0.0015625
0.0015625
0.0015625
0.0015625
0.00078125
0.00078125
0.00078125
0.00078125
0.00078125
Saving...83.46333333333334
0.00078125
0.00078125
0.00078125
0.00078125
0.00078125
0.00078125
0.00078125
0.00078125
0.00078125
0.00078125
0.00078125
0.00078125
0.00078125
0.00078125
Saving...83.62
0.00078125
0.00078125
0.00078125
0.00078125
0.00078125
Saving...83.86333333333333
0.00078125
0.00078125
0.00078125
0.00078125
0.00078125
0.00078125
0.00078125
0.00078125
0.00078125
0.00078125
Saving...83.94
0.00078125
0.00078125
0.00078125
0.00078125
0.00078125
0.00078125
0.00078125
0.00078125
0.00078125
0.00078125
Saving...84.20333333333333
0.00078125
0.00078125
0.00078125
0.00078125
0.00078125
0.00078125
0.00078125
0.00078125
0.00078125
0.00078125
0.000390625
0.000390625
0.000390625
Saving...84.67333333333333
0.000390625
0.000390625
0.000390625
0.000390625
0.000390625
0.000390625
0.000390625
0.000390625
0.000390625
0.000390625
0.0001953125
0.0001953125
0.0001953125
Saving...84.78666666666666
0.0001953125
0.0001953125
0.0001953125
Saving...84.99
0.0001953125
0.0001953125
0.0001953125
0.0001953125
0.0001953125
0.0001953125
0.0001953125
0.0001953125
0.0001953125
0.0001953125
9.765625e-05
9.765625e-05
9.765625e-05
9.765625e-05
Saving...85.06333333333333
9.765625e-05
9.765625e-05
9.765625e-05
9.765625e-05
9.765625e-05
9.765625e-05
9.765625e-05
9.765625e-05
9.765625e-05
9.765625e-05
4.8828125e-05
4.8828125e-05
4.8828125e-05
Saving...85.12666666666667
4.8828125e-05
4.8828125e-05
4.8828125e-05
4.8828125e-05
4.8828125e-05
4.8828125e-05
Saving...85.15
4.8828125e-05
4.8828125e-05
4.8828125e-05
4.8828125e-05
4.8828125e-05
Saving...85.17333333333333
4.8828125e-05
4.8828125e-05
4.8828125e-05
4.8828125e-05
Saving...85.19
4.8828125e-05
2.44140625e-05
Saving...85.2
2.44140625e-05
2.44140625e-05
2.44140625e-05
2.44140625e-05
2.44140625e-05
Saving...85.20666666666666
2.44140625e-05
Saving...85.29333333333334
2.44140625e-05
2.44140625e-05
2.44140625e-05
2.44140625e-05
2.44140625e-05
2.44140625e-05
2.44140625e-05
2.44140625e-05
2.44140625e-05
2.44140625e-05
2.44140625e-05
2.44140625e-05
2.44140625e-05
2.44140625e-05
2.44140625e-05
2.44140625e-05
2.44140625e-05
2.44140625e-05
2.44140625e-05
2.44140625e-05
Saving...85.30333333333333
2.44140625e-05
2.44140625e-05
2.44140625e-05
2.44140625e-05
2.44140625e-05
2.44140625e-05
2.44140625e-05
2.44140625e-05
2.44140625e-05
2.44140625e-05
1.220703125e-05
1.220703125e-05
1.220703125e-05
1.220703125e-05
1.220703125e-05
1.220703125e-05
1.220703125e-05
1.220703125e-05
1.220703125e-05
1.220703125e-05
1.220703125e-05
6.103515625e-06
6.103515625e-06
6.103515625e-06
6.103515625e-06
6.103515625e-06
6.103515625e-06
6.103515625e-06
6.103515625e-06
6.103515625e-06
6.103515625e-06
Saving...85.31333333333333
6.103515625e-06
3.0517578125e-06
3.0517578125e-06
3.0517578125e-06
3.0517578125e-06
3.0517578125e-06
Saving...85.36
3.0517578125e-06
3.0517578125e-06
3.0517578125e-06
3.0517578125e-06
3.0517578125e-06
3.0517578125e-06
1.52587890625e-06
1.52587890625e-06
1.52587890625e-06
1.52587890625e-06
1.52587890625e-06
1.52587890625e-06
1.52587890625e-06
1.52587890625e-06
Saving...85.45666666666666
1.52587890625e-06
1.52587890625e-06
1.52587890625e-06
1.52587890625e-06
1.52587890625e-06
1.52587890625e-06
1.52587890625e-06
1.52587890625e-06
1.52587890625e-06
1.52587890625e-06
1.52587890625e-06
1.52587890625e-06
1.52587890625e-06
1.52587890625e-06
7.62939453125e-07
7.62939453125e-07
7.62939453125e-07
7.62939453125e-07
7.62939453125e-07
7.62939453125e-07
7.62939453125e-07
7.62939453125e-07
7.62939453125e-07
7.62939453125e-07
7.62939453125e-07
3.814697265625e-07
3.814697265625e-07
3.814697265625e-07
3.814697265625e-07
3.814697265625e-07
3.814697265625e-07
3.814697265625e-07
3.814697265625e-07
3.814697265625e-07
3.814697265625e-07
3.814697265625e-07
1.9073486328125e-07
1.9073486328125e-07
1.9073486328125e-07
1.9073486328125e-07
1.9073486328125e-07
1.9073486328125e-07
1.9073486328125e-07
1.9073486328125e-07
1.9073486328125e-07
1.9073486328125e-07
1.9073486328125e-07
9.5367431640625e-08
9.5367431640625e-08
9.5367431640625e-08
9.5367431640625e-08
9.5367431640625e-08
9.5367431640625e-08
9.5367431640625e-08
9.5367431640625e-08
9.5367431640625e-08
9.5367431640625e-08
9.5367431640625e-08
9.5367431640625e-08
9.5367431640625e-08
9.5367431640625e-08
9.5367431640625e-08
9.5367431640625e-08
9.5367431640625e-08
9.5367431640625e-08
4.76837158203125e-08
4.76837158203125e-08
4.76837158203125e-08
4.76837158203125e-08
4.76837158203125e-08
4.76837158203125e-08
4.76837158203125e-08
4.76837158203125e-08
4.76837158203125e-08
4.76837158203125e-08
4.76837158203125e-08
2.384185791015625e-08
2.384185791015625e-08
2.384185791015625e-08
2.384185791015625e-08
2.384185791015625e-08
2.384185791015625e-08
2.384185791015625e-08
2.384185791015625e-08
2.384185791015625e-08
2.384185791015625e-08
2.384185791015625e-08
1.1920928955078126e-08
1.1920928955078126e-08
1.1920928955078126e-08
1.1920928955078126e-08
1.1920928955078126e-08
1.1920928955078126e-08
1.1920928955078126e-08
1.1920928955078126e-08
1.1920928955078126e-08
1.1920928955078126e-08
1.1920928955078126e-08
1.1920928955078126e-08
1.1920928955078126e-08
1.1920928955078126e-08
1.1920928955078126e-08
1.1920928955078126e-08
1.1920928955078126e-08
1.1920928955078126e-08
1.1920928955078126e-08
1.1920928955078126e-08
1.1920928955078126e-08
1.1920928955078126e-08
1.1920928955078126e-08
1.1920928955078126e-08
1.1920928955078126e-08
1.1920928955078126e-08
1.1920928955078126e-08
1.1920928955078126e-08
1.1920928955078126e-08
1.1920928955078126e-08
1.1920928955078126e-08
1.1920928955078126e-08
1.1920928955078126e-08
1.1920928955078126e-08
1.1920928955078126e-08
1.1920928955078126e-08
1.1920928955078126e-08
1.1920928955078126e-08
1.1920928955078126e-08
1.1920928955078126e-08
1.1920928955078126e-08
1.1920928955078126e-08
1.1920928955078126e-08
1.1920928955078126e-08
1.1920928955078126e-08
1.1920928955078126e-08
1.1920928955078126e-08
1.1920928955078126e-08
1.1920928955078126e-08
1.1920928955078126e-08
1.1920928955078126e-08
1.1920928955078126e-08
1.1920928955078126e-08
1.1920928955078126e-08
1.1920928955078126e-08
1.1920928955078126e-08
1.1920928955078126e-08
1.1920928955078126e-08
1.1920928955078126e-08
1.1920928955078126e-08
1.1920928955078126e-08
1.1920928955078126e-08
1.1920928955078126e-08
1.1920928955078126e-08
1.1920928955078126e-08
1.1920928955078126e-08
1.1920928955078126e-08
1.1920928955078126e-08
1.1920928955078126e-08
1.1920928955078126e-08
1.1920928955078126e-08
1.1920928955078126e-08
1.1920928955078126e-08
1.1920928955078126e-08
1.1920928955078126e-08
1.1920928955078126e-08
1.1920928955078126e-08
1.1920928955078126e-08
1.1920928955078126e-08
1.1920928955078126e-08
1.1920928955078126e-08
1.1920928955078126e-08
1.1920928955078126e-08
1.1920928955078126e-08
1.1920928955078126e-08
1.1920928955078126e-08
1.1920928955078126e-08
1.1920928955078126e-08
1.1920928955078126e-08
1.1920928955078126e-08
1.1920928955078126e-08
1.1920928955078126e-08
1.1920928955078126e-08
1.1920928955078126e-08
1.1920928955078126e-08
1.1920928955078126e-08
1.1920928955078126e-08
1.1920928955078126e-08
1.1920928955078126e-08
1.1920928955078126e-08
1.1920928955078126e-08
1.1920928955078126e-08
1.1920928955078126e-08
1.1920928955078126e-08
1.1920928955078126e-08
1.1920928955078126e-08
1.1920928955078126e-08
1.1920928955078126e-08
1.1920928955078126e-08
1.1920928955078126e-08
1.1920928955078126e-08
1.1920928955078126e-08
1.1920928955078126e-08
1.1920928955078126e-08
1.1920928955078126e-08
1.1920928955078126e-08
1.1920928955078126e-08
1.1920928955078126e-08
1.1920928955078126e-08
1.1920928955078126e-08
1.1920928955078126e-08
1.1920928955078126e-08
1.1920928955078126e-08
1.1920928955078126e-08
1.1920928955078126e-08
1.1920928955078126e-08
1.1920928955078126e-08
1.1920928955078126e-08
1.1920928955078126e-08
1.1920928955078126e-08
1.1920928955078126e-08
1.1920928955078126e-08
1.1920928955078126e-08
1.1920928955078126e-08
1.1920928955078126e-08
1.1920928955078126e-08
1.1920928955078126e-08
1.1920928955078126e-08
1.1920928955078126e-08
1.1920928955078126e-08
1.1920928955078126e-08
1.1920928955078126e-08
1.1920928955078126e-08
1.1920928955078126e-08
1.1920928955078126e-08
