==> Building model 'resnet101'
0.1
Saving...70.04666666666667
0.1
Saving...71.49333333333334
0.1
Saving...73.22333333333333
0.1
0.1
0.1
0.1
0.1
Saving...73.70666666666666
0.1
0.1
0.1
0.1
0.1
0.1
0.1
0.1
0.1
0.1
0.05
0.05
0.05
Saving...75.42666666666666
0.05
0.05
0.05
0.05
0.05
Saving...76.13
0.05
0.05
0.05
0.05
0.05
0.05
0.05
0.05
0.05
0.05
0.025
0.025
0.025
Saving...77.42333333333333
0.025
Saving...77.49
0.025
0.025
0.025
Saving...78.02
0.025
Saving...78.19666666666667
0.025
0.025
0.025
Saving...78.36
0.025
0.025
0.025
0.025
0.025
0.025
0.025
0.025
0.025
0.025
0.0125
0.0125
0.0125
Saving...79.89333333333333
0.0125
0.0125
0.0125
0.0125
0.0125
Saving...80.12666666666667
0.0125
0.0125
0.0125
0.0125
0.0125
0.0125
0.0125
0.0125
0.0125
0.0125
Saving...80.65
0.0125
0.0125
0.0125
0.0125
0.0125
0.0125
0.0125
0.0125
0.0125
0.0125
0.00625
0.00625
Saving...80.67333333333333
0.00625
0.00625
0.00625
Saving...80.83333333333333
0.00625
Saving...81.69
0.00625
0.00625
0.00625
Saving...82.13
0.00625
0.00625
0.00625
0.00625
0.00625
0.00625
Saving...82.24666666666667
0.00625
0.003125
0.003125
Saving...82.78333333333333
0.003125
Saving...82.96666666666667
0.003125
0.003125
0.003125
0.003125
0.003125
0.003125
0.003125
0.003125
0.003125
0.003125
0.0015625
0.0015625
Saving...83.26333333333334
0.0015625
0.0015625
0.0015625
0.0015625
0.0015625
0.0015625
Saving...83.47
0.0015625
0.0015625
0.0015625
0.0015625
0.0015625
0.0015625
Saving...83.64333333333333
0.0015625
0.0015625
0.0015625
0.0015625
0.0015625
0.0015625
0.0015625
0.0015625
0.0015625
0.00078125
0.00078125
Saving...84.19
0.00078125
0.00078125
0.00078125
0.00078125
0.00078125
0.00078125
0.00078125
0.00078125
0.00078125
Saving...84.50666666666666
0.00078125
0.00078125
0.00078125
0.00078125
0.00078125
0.00078125
0.00078125
0.00078125
0.00078125
0.00078125
0.00078125
0.00078125
0.00078125
0.00078125
0.00078125
0.00078125
0.00078125
0.00078125
0.00078125
0.00078125
0.00078125
0.00078125
0.000390625
0.000390625
Saving...84.83666666666667
0.000390625
Saving...84.96666666666667
0.000390625
0.000390625
0.000390625
Saving...84.97
0.000390625
Saving...84.97333333333333
0.000390625
Saving...85.14
0.000390625
0.000390625
0.000390625
0.000390625
0.000390625
0.000390625
0.000390625
0.000390625
0.000390625
0.000390625
0.0001953125
0.0001953125
Saving...85.44
0.0001953125
0.0001953125
0.0001953125
0.0001953125
0.0001953125
Saving...85.54333333333334
0.0001953125
0.0001953125
0.0001953125
0.0001953125
0.0001953125
9.765625e-05
9.765625e-05
9.765625e-05
9.765625e-05
9.765625e-05
Saving...85.55
9.765625e-05
Saving...85.68666666666667
9.765625e-05
9.765625e-05
9.765625e-05
9.765625e-05
9.765625e-05
9.765625e-05
Saving...85.75666666666666
9.765625e-05
9.765625e-05
9.765625e-05
9.765625e-05
9.765625e-05
9.765625e-05
9.765625e-05
9.765625e-05
9.765625e-05
Saving...85.77333333333333
9.765625e-05
4.8828125e-05
4.8828125e-05
4.8828125e-05
4.8828125e-05
4.8828125e-05
Saving...85.78
4.8828125e-05
Saving...85.78666666666666
4.8828125e-05
Saving...86.04
4.8828125e-05
4.8828125e-05
4.8828125e-05
4.8828125e-05
4.8828125e-05
4.8828125e-05
4.8828125e-05
4.8828125e-05
4.8828125e-05
4.8828125e-05
2.44140625e-05
2.44140625e-05
2.44140625e-05
2.44140625e-05
2.44140625e-05
2.44140625e-05
2.44140625e-05
2.44140625e-05
2.44140625e-05
2.44140625e-05
2.44140625e-05
2.44140625e-05
2.44140625e-05
2.44140625e-05
2.44140625e-05
1.220703125e-05
1.220703125e-05
Saving...86.07
1.220703125e-05
Saving...86.11
1.220703125e-05
1.220703125e-05
1.220703125e-05
1.220703125e-05
Saving...86.13666666666667
1.220703125e-05
1.220703125e-05
Saving...86.16666666666667
1.220703125e-05
1.220703125e-05
1.220703125e-05
6.103515625e-06
6.103515625e-06
6.103515625e-06
Saving...86.25666666666666
6.103515625e-06
6.103515625e-06
6.103515625e-06
6.103515625e-06
6.103515625e-06
6.103515625e-06
6.103515625e-06
6.103515625e-06
6.103515625e-06
Saving...86.27666666666667
6.103515625e-06
6.103515625e-06
6.103515625e-06
6.103515625e-06
6.103515625e-06
6.103515625e-06
6.103515625e-06
6.103515625e-06
6.103515625e-06
6.103515625e-06
3.0517578125e-06
3.0517578125e-06
3.0517578125e-06
3.0517578125e-06
3.0517578125e-06
3.0517578125e-06
3.0517578125e-06
3.0517578125e-06
3.0517578125e-06
3.0517578125e-06
3.0517578125e-06
1.52587890625e-06
1.52587890625e-06
Saving...86.28333333333333
1.52587890625e-06
1.52587890625e-06
1.52587890625e-06
1.52587890625e-06
1.52587890625e-06
1.52587890625e-06
1.52587890625e-06
1.52587890625e-06
1.52587890625e-06
7.62939453125e-07
7.62939453125e-07
7.62939453125e-07
7.62939453125e-07
7.62939453125e-07
7.62939453125e-07
7.62939453125e-07
7.62939453125e-07
7.62939453125e-07
7.62939453125e-07
7.62939453125e-07
3.814697265625e-07
3.814697265625e-07
3.814697265625e-07
3.814697265625e-07
3.814697265625e-07
3.814697265625e-07
3.814697265625e-07
3.814697265625e-07
3.814697265625e-07
3.814697265625e-07
3.814697265625e-07
1.9073486328125e-07
1.9073486328125e-07
1.9073486328125e-07
1.9073486328125e-07
1.9073486328125e-07
Saving...86.32
1.9073486328125e-07
1.9073486328125e-07
1.9073486328125e-07
1.9073486328125e-07
Saving...86.33666666666667
1.9073486328125e-07
1.9073486328125e-07
9.5367431640625e-08
9.5367431640625e-08
9.5367431640625e-08
9.5367431640625e-08
9.5367431640625e-08
9.5367431640625e-08
9.5367431640625e-08
9.5367431640625e-08
9.5367431640625e-08
9.5367431640625e-08
9.5367431640625e-08
4.76837158203125e-08
4.76837158203125e-08
4.76837158203125e-08
4.76837158203125e-08
4.76837158203125e-08
4.76837158203125e-08
4.76837158203125e-08
4.76837158203125e-08
4.76837158203125e-08
4.76837158203125e-08
4.76837158203125e-08
2.384185791015625e-08
2.384185791015625e-08
2.384185791015625e-08
2.384185791015625e-08
2.384185791015625e-08
2.384185791015625e-08
2.384185791015625e-08
2.384185791015625e-08
2.384185791015625e-08
2.384185791015625e-08
2.384185791015625e-08
1.1920928955078126e-08
1.1920928955078126e-08
1.1920928955078126e-08
1.1920928955078126e-08
1.1920928955078126e-08
1.1920928955078126e-08
1.1920928955078126e-08
1.1920928955078126e-08
1.1920928955078126e-08
1.1920928955078126e-08
1.1920928955078126e-08
1.1920928955078126e-08
1.1920928955078126e-08
1.1920928955078126e-08
1.1920928955078126e-08
1.1920928955078126e-08
1.1920928955078126e-08
1.1920928955078126e-08
1.1920928955078126e-08
1.1920928955078126e-08
1.1920928955078126e-08
1.1920928955078126e-08
1.1920928955078126e-08
1.1920928955078126e-08
1.1920928955078126e-08
1.1920928955078126e-08
1.1920928955078126e-08
1.1920928955078126e-08
1.1920928955078126e-08
1.1920928955078126e-08
1.1920928955078126e-08
1.1920928955078126e-08
1.1920928955078126e-08
1.1920928955078126e-08
1.1920928955078126e-08
1.1920928955078126e-08
1.1920928955078126e-08
1.1920928955078126e-08
1.1920928955078126e-08
1.1920928955078126e-08
1.1920928955078126e-08
1.1920928955078126e-08
1.1920928955078126e-08
1.1920928955078126e-08
1.1920928955078126e-08
1.1920928955078126e-08
1.1920928955078126e-08
1.1920928955078126e-08
1.1920928955078126e-08
1.1920928955078126e-08
1.1920928955078126e-08
1.1920928955078126e-08
1.1920928955078126e-08
1.1920928955078126e-08
1.1920928955078126e-08
1.1920928955078126e-08
1.1920928955078126e-08
1.1920928955078126e-08
1.1920928955078126e-08
1.1920928955078126e-08
1.1920928955078126e-08
1.1920928955078126e-08
1.1920928955078126e-08
1.1920928955078126e-08
1.1920928955078126e-08
1.1920928955078126e-08
1.1920928955078126e-08
1.1920928955078126e-08
1.1920928955078126e-08
1.1920928955078126e-08
1.1920928955078126e-08
1.1920928955078126e-08
1.1920928955078126e-08
1.1920928955078126e-08
1.1920928955078126e-08
1.1920928955078126e-08
1.1920928955078126e-08
1.1920928955078126e-08
1.1920928955078126e-08
1.1920928955078126e-08
1.1920928955078126e-08
1.1920928955078126e-08
1.1920928955078126e-08
1.1920928955078126e-08
1.1920928955078126e-08
1.1920928955078126e-08
1.1920928955078126e-08
1.1920928955078126e-08
1.1920928955078126e-08
1.1920928955078126e-08
1.1920928955078126e-08
1.1920928955078126e-08
1.1920928955078126e-08
1.1920928955078126e-08
1.1920928955078126e-08
1.1920928955078126e-08
1.1920928955078126e-08
1.1920928955078126e-08
1.1920928955078126e-08
1.1920928955078126e-08
1.1920928955078126e-08
1.1920928955078126e-08
1.1920928955078126e-08
1.1920928955078126e-08
1.1920928955078126e-08
1.1920928955078126e-08
1.1920928955078126e-08
1.1920928955078126e-08
1.1920928955078126e-08
1.1920928955078126e-08
1.1920928955078126e-08
1.1920928955078126e-08
1.1920928955078126e-08
1.1920928955078126e-08
1.1920928955078126e-08
1.1920928955078126e-08
1.1920928955078126e-08
1.1920928955078126e-08
1.1920928955078126e-08
1.1920928955078126e-08
1.1920928955078126e-08
1.1920928955078126e-08
1.1920928955078126e-08
1.1920928955078126e-08
1.1920928955078126e-08
1.1920928955078126e-08
1.1920928955078126e-08
1.1920928955078126e-08
1.1920928955078126e-08
1.1920928955078126e-08
1.1920928955078126e-08
1.1920928955078126e-08
1.1920928955078126e-08
1.1920928955078126e-08
1.1920928955078126e-08
1.1920928955078126e-08
1.1920928955078126e-08
1.1920928955078126e-08
1.1920928955078126e-08
1.1920928955078126e-08
1.1920928955078126e-08
1.1920928955078126e-08
1.1920928955078126e-08
1.1920928955078126e-08
1.1920928955078126e-08
1.1920928955078126e-08
1.1920928955078126e-08
1.1920928955078126e-08
1.1920928955078126e-08
1.1920928955078126e-08
1.1920928955078126e-08
1.1920928955078126e-08
1.1920928955078126e-08
1.1920928955078126e-08
1.1920928955078126e-08
1.1920928955078126e-08
1.1920928955078126e-08
1.1920928955078126e-08
1.1920928955078126e-08
Saving...86.36
1.1920928955078126e-08
1.1920928955078126e-08
1.1920928955078126e-08
1.1920928955078126e-08
1.1920928955078126e-08
1.1920928955078126e-08
1.1920928955078126e-08
1.1920928955078126e-08
1.1920928955078126e-08
1.1920928955078126e-08
1.1920928955078126e-08
1.1920928955078126e-08
1.1920928955078126e-08
1.1920928955078126e-08
1.1920928955078126e-08
1.1920928955078126e-08
1.1920928955078126e-08
1.1920928955078126e-08
1.1920928955078126e-08
1.1920928955078126e-08
1.1920928955078126e-08
1.1920928955078126e-08
1.1920928955078126e-08
1.1920928955078126e-08
1.1920928955078126e-08
1.1920928955078126e-08
1.1920928955078126e-08
1.1920928955078126e-08
1.1920928955078126e-08
1.1920928955078126e-08
1.1920928955078126e-08
1.1920928955078126e-08
1.1920928955078126e-08
1.1920928955078126e-08
1.1920928955078126e-08
1.1920928955078126e-08
1.1920928955078126e-08
1.1920928955078126e-08
1.1920928955078126e-08
1.1920928955078126e-08
1.1920928955078126e-08
1.1920928955078126e-08
1.1920928955078126e-08
1.1920928955078126e-08
1.1920928955078126e-08
1.1920928955078126e-08
1.1920928955078126e-08
1.1920928955078126e-08
1.1920928955078126e-08
1.1920928955078126e-08
1.1920928955078126e-08
1.1920928955078126e-08
1.1920928955078126e-08
1.1920928955078126e-08
1.1920928955078126e-08
1.1920928955078126e-08
1.1920928955078126e-08
1.1920928955078126e-08
1.1920928955078126e-08
1.1920928955078126e-08
1.1920928955078126e-08
1.1920928955078126e-08
1.1920928955078126e-08
1.1920928955078126e-08
1.1920928955078126e-08
