==> Building model 'resnet101'
0.1
Saving...90.2024931778715
0.1
Saving...90.73430910444058
0.1
0.1
0.1
0.1
0.1
0.1
Saving...91.15487782188043
0.1
0.1
0.1
0.1
0.1
0.1
0.1
0.1
0.1
0.1
0.05
0.05
0.05
Saving...91.17077028032746
0.05
0.05
Saving...91.63514016373108
0.05
0.05
0.05
0.05
0.05
0.05
0.05
0.05
0.05
0.05
0.025
0.025
0.025
0.025
0.025
Saving...92.27626519474076
0.025
0.025
0.025
0.025
0.025
0.025
0.025
0.025
0.025
0.025
0.0125
0.0125
Saving...92.40069151575291
0.0125
0.0125
0.0125
0.0125
0.0125
0.0125
0.0125
0.0125
0.0125
Saving...92.42162304639048
0.0125
0.0125
0.0125
0.0125
0.0125
0.0125
0.0125
0.0125
0.0125
0.0125
0.0125
Saving...92.48519288017862
0.0125
0.0125
0.0125
0.0125
0.0125
0.0125
0.0125
0.0125
0.0125
0.0125
0.00625
0.00625
Saving...92.76776854378566
0.00625
0.00625
0.00625
0.00625
0.00625
0.00625
0.00625
0.00625
0.00625
0.00625
0.003125
0.003125
Saving...92.80885636318531
0.003125
Saving...93.00576779955347
0.003125
0.003125
0.003125
0.003125
0.003125
0.003125
0.003125
0.003125
Saving...93.04995658645497
0.003125
0.003125
0.003125
0.003125
0.003125
Saving...93.08794343835277
0.003125
0.003125
0.003125
0.003125
0.003125
0.003125
0.003125
0.003125
0.003125
0.003125
0.0015625
0.0015625
Saving...93.20190399404615
0.0015625
Saving...93.2751643512776
0.0015625
0.0015625
0.0015625
0.0015625
0.0015625
0.0015625
0.0015625
0.0015625
0.0015625
0.0015625
Saving...93.39067539072191
0.0015625
0.0015625
0.0015625
0.0015625
0.0015625
0.0015625
0.0015625
0.0015625
0.0015625
0.0015625
0.00078125
0.00078125
Saving...93.4643233688911
0.00078125
0.00078125
0.00078125
0.00078125
0.00078125
0.00078125
0.00078125
0.00078125
0.00078125
Saving...93.47052530389482
0.00078125
0.00078125
0.00078125
0.00078125
0.00078125
0.00078125
0.00078125
0.00078125
0.00078125
0.00078125
0.00078125
0.000390625
0.000390625
Saving...93.54843711237906
0.000390625
0.000390625
Saving...93.56122860332424
0.000390625
0.000390625
0.000390625
Saving...93.61394505085586
0.000390625
0.000390625
0.000390625
0.000390625
0.000390625
Saving...93.61588315554452
0.000390625
0.000390625
0.000390625
0.000390625
Saving...93.67131294964028
0.000390625
0.000390625
0.000390625
0.000390625
0.000390625
0.000390625
0.000390625
0.000390625
0.000390625
0.000390625
0.000390625
0.000390625
0.000390625
0.000390625
0.000390625
Saving...93.67673964276854
0.000390625
0.000390625
0.000390625
Saving...93.71976556685686
0.000390625
0.000390625
0.000390625
0.000390625
0.000390625
0.000390625
0.000390625
0.0001953125
0.0001953125
