==> Building model 'resnet18'
0.1
Saving...73.27333333333333
0.1
0.1
0.1
Saving...75.38666666666667
0.1
Saving...75.82666666666667
0.1
0.1
0.1
Saving...76.59666666666666
0.1
0.1
Saving...76.78333333333333
0.1
0.1
0.1
0.1
Saving...77.09333333333333
0.1
0.1
0.1
0.1
0.1
0.1
0.1
0.1
0.1
0.1
0.05
0.05
0.05
0.05
Saving...78.32
0.05
Saving...78.60333333333334
0.05
0.05
0.05
0.05
0.05
0.05
0.05
0.05
0.05
0.05
0.025
0.025
0.025
Saving...79.61666666666666
0.025
0.025
0.025
Saving...80.28
0.025
0.025
0.025
0.025
0.025
0.025
0.025
0.025
Saving...80.62333333333333
0.025
0.025
0.0125
0.0125
0.0125
0.0125
Saving...81.45333333333333
0.0125
0.0125
0.0125
0.0125
0.0125
0.0125
0.0125
Saving...82.52333333333333
0.0125
0.0125
0.0125
0.0125
0.0125
0.0125
0.0125
0.0125
0.0125
0.0125
0.00625
0.00625
Saving...83.23666666666666
0.00625
0.00625
0.00625
0.00625
0.00625
Saving...83.31666666666666
0.00625
0.00625
0.00625
0.00625
0.00625
0.00625
0.00625
0.00625
0.00625
0.00625
0.00625
0.00625
0.00625
0.00625
0.003125
0.003125
Saving...84.13666666666667
0.003125
0.003125
Saving...84.51333333333334
0.003125
Saving...84.58333333333333
0.003125
0.003125
0.003125
0.003125
0.003125
0.003125
0.003125
0.003125
0.003125
0.003125
0.0015625
0.0015625
Saving...85.32
0.0015625
0.0015625
0.0015625
0.0015625
0.0015625
0.0015625
0.0015625
0.0015625
0.0015625
Saving...85.32666666666667
0.0015625
Saving...85.46333333333334
0.0015625
Saving...85.47
0.0015625
0.0015625
Saving...85.57666666666667
0.0015625
0.0015625
0.0015625
0.0015625
0.0015625
0.0015625
0.0015625
0.0015625
0.0015625
0.0015625
0.00078125
0.00078125
0.00078125
Saving...85.94333333333333
0.00078125
0.00078125
0.00078125
0.00078125
0.00078125
Saving...86.18666666666667
0.00078125
0.00078125
Saving...86.20666666666666
0.00078125
0.00078125
0.00078125
0.00078125
0.00078125
0.00078125
0.00078125
0.00078125
0.000390625
0.000390625
Saving...86.34
0.000390625
0.000390625
0.000390625
0.000390625
0.000390625
0.000390625
0.000390625
Saving...86.39666666666666
0.000390625
Saving...86.42
0.000390625
0.000390625
0.000390625
0.000390625
0.000390625
0.000390625
0.000390625
0.000390625
0.000390625
0.0001953125
0.0001953125
Saving...86.67
0.0001953125
0.0001953125
0.0001953125
0.0001953125
0.0001953125
0.0001953125
0.0001953125
0.0001953125
0.0001953125
Saving...86.67333333333333
0.0001953125
Saving...86.69666666666667
9.765625e-05
Saving...86.73333333333333
9.765625e-05
Saving...86.85666666666667
9.765625e-05
9.765625e-05
9.765625e-05
9.765625e-05
Saving...86.92
9.765625e-05
9.765625e-05
9.765625e-05
9.765625e-05
9.765625e-05
9.765625e-05
4.8828125e-05
4.8828125e-05
4.8828125e-05
Saving...86.93666666666667
4.8828125e-05
Saving...86.95
4.8828125e-05
Saving...86.96333333333334
4.8828125e-05
4.8828125e-05
4.8828125e-05
4.8828125e-05
4.8828125e-05
4.8828125e-05
Saving...87.0
4.8828125e-05
4.8828125e-05
4.8828125e-05
4.8828125e-05
Saving...87.02666666666667
4.8828125e-05
2.44140625e-05
2.44140625e-05
2.44140625e-05
2.44140625e-05
2.44140625e-05
2.44140625e-05
2.44140625e-05
2.44140625e-05
2.44140625e-05
2.44140625e-05
2.44140625e-05
2.44140625e-05
2.44140625e-05
2.44140625e-05
1.220703125e-05
1.220703125e-05
1.220703125e-05
1.220703125e-05
1.220703125e-05
1.220703125e-05
Saving...87.04333333333334
1.220703125e-05
1.220703125e-05
1.220703125e-05
Saving...87.06
1.220703125e-05
1.220703125e-05
1.220703125e-05
1.220703125e-05
1.220703125e-05
1.220703125e-05
6.103515625e-06
6.103515625e-06
6.103515625e-06
6.103515625e-06
6.103515625e-06
6.103515625e-06
6.103515625e-06
6.103515625e-06
6.103515625e-06
6.103515625e-06
6.103515625e-06
6.103515625e-06
6.103515625e-06
6.103515625e-06
6.103515625e-06
6.103515625e-06
3.0517578125e-06
3.0517578125e-06
3.0517578125e-06
Saving...87.08333333333333
3.0517578125e-06
3.0517578125e-06
3.0517578125e-06
3.0517578125e-06
3.0517578125e-06
3.0517578125e-06
3.0517578125e-06
3.0517578125e-06
Saving...87.09666666666666
3.0517578125e-06
3.0517578125e-06
1.52587890625e-06
1.52587890625e-06
1.52587890625e-06
1.52587890625e-06
1.52587890625e-06
1.52587890625e-06
1.52587890625e-06
1.52587890625e-06
1.52587890625e-06
1.52587890625e-06
1.52587890625e-06
7.62939453125e-07
7.62939453125e-07
7.62939453125e-07
7.62939453125e-07
7.62939453125e-07
7.62939453125e-07
7.62939453125e-07
7.62939453125e-07
7.62939453125e-07
7.62939453125e-07
7.62939453125e-07
3.814697265625e-07
3.814697265625e-07
3.814697265625e-07
3.814697265625e-07
3.814697265625e-07
3.814697265625e-07
