==> Building model 'resnet101'
0.1
Saving...73.61
0.1
0.1
Saving...73.80666666666667
0.1
Saving...74.97666666666667
0.1
0.1
0.1
Saving...75.28666666666666
0.1
Saving...76.26666666666667
0.1
0.1
Saving...77.49666666666667
0.1
0.1
0.1
0.1
0.1
0.1
0.1
0.1
0.1
0.1
0.05
0.05
0.05
0.05
0.05
Saving...77.97666666666667
0.05
0.05
0.05
0.05
0.05
0.05
0.05
0.05
Saving...77.99
0.05
0.05
Saving...79.68
0.05
0.05
0.05
0.05
0.05
0.05
0.05
0.05
0.05
0.05
0.025
0.025
0.025
Saving...79.70666666666666
0.025
0.025
0.025
0.025
0.025
0.025
0.025
0.025
0.0125
Saving...79.96333333333334
0.0125
Saving...80.87
0.0125
Saving...80.99666666666667
0.0125
0.0125
0.0125
Saving...81.11666666666666
0.0125
0.0125
0.0125
0.0125
0.0125
Saving...81.71666666666667
0.0125
0.0125
0.0125
0.0125
0.0125
Saving...82.20666666666666
0.0125
0.0125
0.0125
0.0125
0.0125
0.0125
0.0125
0.0125
0.0125
0.0125
0.0125
0.0125
0.0125
Saving...82.58333333333333
0.0125
0.0125
0.0125
0.0125
0.0125
0.0125
0.0125
0.0125
0.0125
0.0125
0.00625
0.00625
Saving...83.41333333333333
0.00625
0.00625
0.00625
0.00625
0.00625
0.00625
0.00625
0.00625
0.00625
0.00625
0.003125
0.003125
Saving...83.50333333333333
0.003125
Saving...83.73
0.003125
0.003125
0.003125
0.003125
Saving...83.89
0.003125
0.003125
0.003125
0.003125
0.003125
0.003125
0.003125
0.003125
0.003125
Saving...84.50666666666666
0.003125
0.003125
0.003125
0.003125
0.003125
0.003125
0.003125
0.003125
0.003125
0.003125
0.003125
0.003125
0.003125
0.003125
0.003125
0.003125
0.003125
0.003125
0.003125
0.003125
0.003125
0.003125
0.003125
0.003125
0.0015625
0.0015625
Saving...84.97666666666667
0.0015625
Saving...85.28666666666666
0.0015625
0.0015625
0.0015625
0.0015625
0.0015625
Saving...85.45333333333333
0.0015625
0.0015625
0.0015625
0.0015625
0.0015625
0.0015625
0.0015625
0.0015625
0.0015625
0.0015625
0.00078125
0.00078125
Saving...85.61
0.00078125
Saving...85.71666666666667
0.00078125
0.00078125
0.00078125
Saving...85.95666666666666
0.00078125
0.00078125
0.00078125
0.00078125
0.00078125
Saving...85.96
0.00078125
0.00078125
0.00078125
0.00078125
0.00078125
0.00078125
0.00078125
0.00078125
0.00078125
0.00078125
Saving...86.05666666666667
0.00078125
0.00078125
0.00078125
Saving...86.20333333333333
0.00078125
0.00078125
0.00078125
0.00078125
0.00078125
0.00078125
0.00078125
0.00078125
0.00078125
0.00078125
0.000390625
0.000390625
Saving...86.39
0.000390625
Saving...86.5
0.000390625
0.000390625
0.000390625
0.000390625
0.000390625
0.000390625
0.000390625
0.000390625
0.000390625
0.000390625
Saving...86.68666666666667
0.0001953125
0.0001953125
Saving...86.81
0.0001953125
0.0001953125
0.0001953125
0.0001953125
0.0001953125
0.0001953125
0.0001953125
0.0001953125
0.0001953125
0.0001953125
9.765625e-05
9.765625e-05
Saving...86.99
9.765625e-05
9.765625e-05
9.765625e-05
9.765625e-05
9.765625e-05
9.765625e-05
9.765625e-05
9.765625e-05
9.765625e-05
9.765625e-05
4.8828125e-05
4.8828125e-05
4.8828125e-05
Saving...87.11333333333333
4.8828125e-05
Saving...87.11666666666666
4.8828125e-05
4.8828125e-05
4.8828125e-05
4.8828125e-05
4.8828125e-05
4.8828125e-05
Saving...87.13333333333334
4.8828125e-05
4.8828125e-05
4.8828125e-05
2.44140625e-05
2.44140625e-05
2.44140625e-05
2.44140625e-05
2.44140625e-05
2.44140625e-05
2.44140625e-05
Saving...87.21
2.44140625e-05
2.44140625e-05
2.44140625e-05
2.44140625e-05
Saving...87.23333333333333
2.44140625e-05
2.44140625e-05
2.44140625e-05
2.44140625e-05
2.44140625e-05
2.44140625e-05
2.44140625e-05
2.44140625e-05
2.44140625e-05
2.44140625e-05
2.44140625e-05
2.44140625e-05
2.44140625e-05
2.44140625e-05
2.44140625e-05
2.44140625e-05
2.44140625e-05
2.44140625e-05
Saving...87.3
2.44140625e-05
2.44140625e-05
2.44140625e-05
2.44140625e-05
2.44140625e-05
2.44140625e-05
2.44140625e-05
2.44140625e-05
2.44140625e-05
2.44140625e-05
1.220703125e-05
1.220703125e-05
1.220703125e-05
1.220703125e-05
1.220703125e-05
1.220703125e-05
1.220703125e-05
1.220703125e-05
1.220703125e-05
1.220703125e-05
1.220703125e-05
6.103515625e-06
