==> Building model 'resnet18'
0.1
Saving...75.16333333333333
0.1
Saving...77.28333333333333
0.1
0.1
0.1
0.1
0.1
Saving...77.51333333333334
0.1
Saving...77.82333333333334
0.1
0.1
0.1
0.1
0.1
0.1
0.1
Saving...79.04333333333334
0.1
0.1
0.1
0.1
0.1
0.1
0.1
0.1
0.1
0.1
0.05
0.05
Saving...79.93
0.05
0.05
Saving...80.43666666666667
0.05
0.05
Saving...81.03
0.05
0.05
0.05
0.05
0.05
0.05
0.05
0.05
0.05
0.05
0.025
0.025
0.025
Saving...81.53666666666666
0.025
0.025
0.025
0.025
0.025
0.025
0.025
0.025
0.025
0.025
Saving...81.79333333333334
0.025
0.025
Saving...82.48666666666666
0.025
0.025
0.025
0.025
Saving...82.82333333333334
0.025
0.025
0.025
0.025
0.025
0.025
0.025
0.025
0.025
0.025
0.0125
0.0125
Saving...83.55666666666667
0.0125
0.0125
0.0125
0.0125
0.0125
0.0125
0.0125
Saving...83.57666666666667
0.0125
0.0125
Saving...83.77333333333333
0.0125
0.0125
0.0125
0.0125
0.0125
Saving...84.13666666666667
0.0125
0.0125
0.0125
0.0125
0.0125
0.0125
0.0125
0.0125
0.0125
0.0125
0.00625
0.00625
Saving...85.28
0.00625
0.00625
0.00625
0.00625
0.00625
0.00625
0.00625
0.00625
0.00625
0.00625
0.003125
0.003125
Saving...85.29666666666667
0.003125
Saving...85.48
0.003125
Saving...85.57
0.003125
0.003125
0.003125
0.003125
0.003125
0.003125
0.003125
0.003125
0.003125
0.003125
0.0015625
0.0015625
Saving...85.83
0.0015625
Saving...85.90666666666667
0.0015625
Saving...85.98666666666666
0.0015625
0.0015625
Saving...86.40666666666667
0.0015625
0.0015625
0.0015625
0.0015625
0.0015625
0.0015625
0.0015625
0.0015625
0.0015625
0.0015625
0.00078125
0.00078125
Saving...86.43666666666667
0.00078125
Saving...86.44
0.00078125
Saving...86.59333333333333
0.00078125
0.00078125
0.00078125
Saving...86.72666666666667
0.00078125
0.00078125
0.00078125
0.00078125
Saving...86.76666666666667
0.00078125
0.00078125
0.00078125
0.00078125
0.00078125
0.00078125
0.000390625
0.000390625
Saving...86.87333333333333
0.000390625
Saving...86.93
0.000390625
0.000390625
0.000390625
0.000390625
0.000390625
0.000390625
0.000390625
0.000390625
0.000390625
0.000390625
0.0001953125
0.0001953125
Saving...87.14
0.0001953125
Saving...87.18666666666667
0.0001953125
0.0001953125
0.0001953125
0.0001953125
0.0001953125
0.0001953125
0.0001953125
0.0001953125
0.0001953125
0.0001953125
0.0001953125
0.0001953125
Saving...87.20666666666666
0.0001953125
0.0001953125
0.0001953125
9.765625e-05
Saving...87.21333333333334
9.765625e-05
Saving...87.29
9.765625e-05
9.765625e-05
9.765625e-05
9.765625e-05
9.765625e-05
9.765625e-05
9.765625e-05
Saving...87.29666666666667
9.765625e-05
9.765625e-05
9.765625e-05
4.8828125e-05
4.8828125e-05
4.8828125e-05
4.8828125e-05
4.8828125e-05
4.8828125e-05
4.8828125e-05
4.8828125e-05
Saving...87.31333333333333
4.8828125e-05
Saving...87.37666666666667
4.8828125e-05
4.8828125e-05
4.8828125e-05
4.8828125e-05
4.8828125e-05
4.8828125e-05
4.8828125e-05
Saving...87.40666666666667
4.8828125e-05
4.8828125e-05
4.8828125e-05
4.8828125e-05
4.8828125e-05
2.44140625e-05
2.44140625e-05
2.44140625e-05
2.44140625e-05
2.44140625e-05
2.44140625e-05
2.44140625e-05
2.44140625e-05
2.44140625e-05
2.44140625e-05
2.44140625e-05
1.220703125e-05
Saving...87.42
1.220703125e-05
1.220703125e-05
1.220703125e-05
1.220703125e-05
1.220703125e-05
1.220703125e-05
1.220703125e-05
1.220703125e-05
1.220703125e-05
1.220703125e-05
6.103515625e-06
6.103515625e-06
6.103515625e-06
6.103515625e-06
6.103515625e-06
6.103515625e-06
6.103515625e-06
6.103515625e-06
6.103515625e-06
6.103515625e-06
6.103515625e-06
3.0517578125e-06
3.0517578125e-06
3.0517578125e-06
3.0517578125e-06
Saving...87.45333333333333
3.0517578125e-06
3.0517578125e-06
3.0517578125e-06
3.0517578125e-06
3.0517578125e-06
3.0517578125e-06
3.0517578125e-06
1.52587890625e-06
1.52587890625e-06
1.52587890625e-06
1.52587890625e-06
1.52587890625e-06
1.52587890625e-06
1.52587890625e-06
1.52587890625e-06
1.52587890625e-06
1.52587890625e-06
1.52587890625e-06
7.62939453125e-07
7.62939453125e-07
7.62939453125e-07
7.62939453125e-07
7.62939453125e-07
7.62939453125e-07
7.62939453125e-07
7.62939453125e-07
7.62939453125e-07
7.62939453125e-07
7.62939453125e-07
3.814697265625e-07
3.814697265625e-07
3.814697265625e-07
3.814697265625e-07
3.814697265625e-07
3.814697265625e-07
3.814697265625e-07
Saving...87.46666666666667
3.814697265625e-07
3.814697265625e-07
3.814697265625e-07
3.814697265625e-07
1.9073486328125e-07
1.9073486328125e-07
1.9073486328125e-07
1.9073486328125e-07
1.9073486328125e-07
1.9073486328125e-07
1.9073486328125e-07
1.9073486328125e-07
1.9073486328125e-07
1.9073486328125e-07
1.9073486328125e-07
9.5367431640625e-08
9.5367431640625e-08
9.5367431640625e-08
9.5367431640625e-08
9.5367431640625e-08
9.5367431640625e-08
9.5367431640625e-08
9.5367431640625e-08
9.5367431640625e-08
9.5367431640625e-08
9.5367431640625e-08
9.5367431640625e-08
9.5367431640625e-08
9.5367431640625e-08
9.5367431640625e-08
9.5367431640625e-08
4.76837158203125e-08
4.76837158203125e-08
4.76837158203125e-08
4.76837158203125e-08
4.76837158203125e-08
4.76837158203125e-08
4.76837158203125e-08
4.76837158203125e-08
4.76837158203125e-08
4.76837158203125e-08
4.76837158203125e-08
2.384185791015625e-08
2.384185791015625e-08
2.384185791015625e-08
2.384185791015625e-08
2.384185791015625e-08
2.384185791015625e-08
2.384185791015625e-08
Saving...87.49
2.384185791015625e-08
2.384185791015625e-08
2.384185791015625e-08
2.384185791015625e-08
2.384185791015625e-08
2.384185791015625e-08
2.384185791015625e-08
2.384185791015625e-08
2.384185791015625e-08
2.384185791015625e-08
1.1920928955078126e-08
1.1920928955078126e-08
1.1920928955078126e-08
1.1920928955078126e-08
1.1920928955078126e-08
1.1920928955078126e-08
1.1920928955078126e-08
1.1920928955078126e-08
1.1920928955078126e-08
1.1920928955078126e-08
1.1920928955078126e-08
1.1920928955078126e-08
1.1920928955078126e-08
1.1920928955078126e-08
1.1920928955078126e-08
1.1920928955078126e-08
1.1920928955078126e-08
1.1920928955078126e-08
1.1920928955078126e-08
1.1920928955078126e-08
1.1920928955078126e-08
1.1920928955078126e-08
1.1920928955078126e-08
1.1920928955078126e-08
1.1920928955078126e-08
1.1920928955078126e-08
1.1920928955078126e-08
1.1920928955078126e-08
1.1920928955078126e-08
1.1920928955078126e-08
1.1920928955078126e-08
1.1920928955078126e-08
1.1920928955078126e-08
1.1920928955078126e-08
1.1920928955078126e-08
1.1920928955078126e-08
1.1920928955078126e-08
1.1920928955078126e-08
1.1920928955078126e-08
1.1920928955078126e-08
1.1920928955078126e-08
1.1920928955078126e-08
1.1920928955078126e-08
1.1920928955078126e-08
1.1920928955078126e-08
1.1920928955078126e-08
1.1920928955078126e-08
1.1920928955078126e-08
1.1920928955078126e-08
1.1920928955078126e-08
1.1920928955078126e-08
1.1920928955078126e-08
1.1920928955078126e-08
1.1920928955078126e-08
1.1920928955078126e-08
1.1920928955078126e-08
1.1920928955078126e-08
1.1920928955078126e-08
1.1920928955078126e-08
1.1920928955078126e-08
1.1920928955078126e-08
1.1920928955078126e-08
1.1920928955078126e-08
1.1920928955078126e-08
1.1920928955078126e-08
1.1920928955078126e-08
1.1920928955078126e-08
1.1920928955078126e-08
1.1920928955078126e-08
1.1920928955078126e-08
1.1920928955078126e-08
1.1920928955078126e-08
1.1920928955078126e-08
1.1920928955078126e-08
1.1920928955078126e-08
1.1920928955078126e-08
1.1920928955078126e-08
1.1920928955078126e-08
1.1920928955078126e-08
1.1920928955078126e-08
1.1920928955078126e-08
1.1920928955078126e-08
1.1920928955078126e-08
1.1920928955078126e-08
1.1920928955078126e-08
1.1920928955078126e-08
1.1920928955078126e-08
1.1920928955078126e-08
1.1920928955078126e-08
1.1920928955078126e-08
1.1920928955078126e-08
1.1920928955078126e-08
1.1920928955078126e-08
1.1920928955078126e-08
1.1920928955078126e-08
1.1920928955078126e-08
1.1920928955078126e-08
1.1920928955078126e-08
1.1920928955078126e-08
1.1920928955078126e-08
1.1920928955078126e-08
1.1920928955078126e-08
1.1920928955078126e-08
1.1920928955078126e-08
1.1920928955078126e-08
1.1920928955078126e-08
1.1920928955078126e-08
1.1920928955078126e-08
1.1920928955078126e-08
1.1920928955078126e-08
1.1920928955078126e-08
1.1920928955078126e-08
1.1920928955078126e-08
1.1920928955078126e-08
1.1920928955078126e-08
1.1920928955078126e-08
1.1920928955078126e-08
1.1920928955078126e-08
1.1920928955078126e-08
1.1920928955078126e-08
1.1920928955078126e-08
1.1920928955078126e-08
1.1920928955078126e-08
1.1920928955078126e-08
1.1920928955078126e-08
1.1920928955078126e-08
1.1920928955078126e-08
1.1920928955078126e-08
1.1920928955078126e-08
1.1920928955078126e-08
1.1920928955078126e-08
1.1920928955078126e-08
1.1920928955078126e-08
1.1920928955078126e-08
1.1920928955078126e-08
1.1920928955078126e-08
1.1920928955078126e-08
1.1920928955078126e-08
1.1920928955078126e-08
1.1920928955078126e-08
1.1920928955078126e-08
1.1920928955078126e-08
1.1920928955078126e-08
1.1920928955078126e-08
1.1920928955078126e-08
1.1920928955078126e-08
1.1920928955078126e-08
1.1920928955078126e-08
1.1920928955078126e-08
1.1920928955078126e-08
1.1920928955078126e-08
1.1920928955078126e-08
Saving...87.49333333333334
1.1920928955078126e-08
1.1920928955078126e-08
1.1920928955078126e-08
1.1920928955078126e-08
1.1920928955078126e-08
1.1920928955078126e-08
1.1920928955078126e-08
1.1920928955078126e-08
1.1920928955078126e-08
1.1920928955078126e-08
1.1920928955078126e-08
1.1920928955078126e-08
1.1920928955078126e-08
1.1920928955078126e-08
1.1920928955078126e-08
1.1920928955078126e-08
1.1920928955078126e-08
1.1920928955078126e-08
1.1920928955078126e-08
1.1920928955078126e-08
1.1920928955078126e-08
1.1920928955078126e-08
1.1920928955078126e-08
1.1920928955078126e-08
1.1920928955078126e-08
1.1920928955078126e-08
1.1920928955078126e-08
1.1920928955078126e-08
1.1920928955078126e-08
1.1920928955078126e-08
1.1920928955078126e-08
1.1920928955078126e-08
1.1920928955078126e-08
1.1920928955078126e-08
1.1920928955078126e-08
1.1920928955078126e-08
1.1920928955078126e-08
1.1920928955078126e-08
1.1920928955078126e-08
1.1920928955078126e-08
1.1920928955078126e-08
1.1920928955078126e-08
1.1920928955078126e-08
1.1920928955078126e-08
1.1920928955078126e-08
1.1920928955078126e-08
1.1920928955078126e-08
1.1920928955078126e-08
1.1920928955078126e-08
1.1920928955078126e-08
1.1920928955078126e-08
1.1920928955078126e-08
1.1920928955078126e-08
1.1920928955078126e-08
1.1920928955078126e-08
1.1920928955078126e-08
1.1920928955078126e-08
1.1920928955078126e-08
1.1920928955078126e-08
1.1920928955078126e-08
1.1920928955078126e-08
1.1920928955078126e-08
1.1920928955078126e-08
1.1920928955078126e-08
1.1920928955078126e-08
1.1920928955078126e-08
1.1920928955078126e-08
1.1920928955078126e-08
1.1920928955078126e-08
1.1920928955078126e-08
1.1920928955078126e-08
1.1920928955078126e-08
1.1920928955078126e-08
1.1920928955078126e-08
1.1920928955078126e-08
1.1920928955078126e-08
1.1920928955078126e-08
1.1920928955078126e-08
1.1920928955078126e-08
1.1920928955078126e-08
1.1920928955078126e-08
1.1920928955078126e-08
1.1920928955078126e-08
1.1920928955078126e-08
1.1920928955078126e-08
1.1920928955078126e-08
1.1920928955078126e-08
1.1920928955078126e-08
1.1920928955078126e-08
1.1920928955078126e-08
1.1920928955078126e-08
1.1920928955078126e-08
1.1920928955078126e-08
1.1920928955078126e-08
1.1920928955078126e-08
1.1920928955078126e-08
1.1920928955078126e-08
