==> Building model 'resnet101'
0.1
Saving...72.94
0.1
0.1
Saving...73.22666666666667
0.1
Saving...74.66
0.1
0.1
0.1
0.1
0.1
0.1
Saving...74.78333333333333
0.1
0.1
Saving...75.63333333333334
0.1
0.1
0.1
Saving...77.51
0.1
0.1
0.1
0.1
0.1
0.1
0.1
0.1
0.1
0.1
0.05
0.05
0.05
0.05
Saving...77.72333333333333
0.05
0.05
0.05
0.05
0.05
0.05
Saving...79.33666666666667
0.05
0.05
0.05
0.05
0.05
0.05
0.05
0.05
0.05
0.05
0.025
0.025
0.025
Saving...79.95666666666666
0.025
0.025
0.025
0.025
0.025
0.025
0.025
0.025
0.025
0.025
0.0125
0.0125
0.0125
0.0125
Saving...80.66
0.0125
0.0125
0.0125
Saving...80.84
0.0125
Saving...81.50666666666666
0.0125
0.0125
0.0125
0.0125
0.0125
Saving...81.56666666666666
0.0125
0.0125
Saving...82.32333333333334
0.0125
0.0125
0.0125
0.0125
0.0125
0.0125
0.0125
0.0125
0.0125
0.0125
0.00625
0.00625
Saving...82.88333333333334
0.00625
Saving...83.23
0.00625
0.00625
0.00625
0.00625
0.00625
0.00625
0.00625
0.00625
Saving...83.94333333333333
0.00625
0.00625
0.00625
0.00625
0.00625
0.00625
0.00625
0.00625
0.00625
0.00625
0.003125
0.003125
0.003125
0.003125
0.003125
0.003125
0.003125
Saving...84.12666666666667
0.003125
0.003125
0.003125
0.003125
0.003125
0.003125
0.003125
Saving...84.50666666666666
0.003125
0.003125
0.003125
0.003125
0.003125
0.003125
0.003125
0.003125
0.003125
0.003125
0.003125
0.003125
0.003125
0.003125
0.0015625
0.0015625
Saving...85.18333333333334
0.0015625
0.0015625
0.0015625
0.0015625
0.0015625
0.0015625
0.0015625
0.0015625
0.0015625
0.0015625
0.00078125
0.00078125
Saving...85.65666666666667
0.00078125
0.00078125
0.00078125
0.00078125
0.00078125
0.00078125
0.00078125
0.00078125
0.00078125
0.00078125
0.00078125
Saving...85.80666666666667
0.00078125
0.00078125
0.00078125
0.00078125
0.00078125
0.00078125
0.00078125
0.00078125
0.00078125
0.00078125
0.000390625
0.000390625
0.000390625
0.000390625
Saving...85.90333333333334
0.000390625
0.000390625
Saving...86.33
0.000390625
0.000390625
0.000390625
0.000390625
0.000390625
0.000390625
0.000390625
0.000390625
0.000390625
0.000390625
0.0001953125
0.0001953125
Saving...86.36666666666666
0.0001953125
Saving...86.38333333333334
0.0001953125
0.0001953125
0.0001953125
0.0001953125
0.0001953125
0.0001953125
0.0001953125
0.0001953125
Saving...86.69666666666667
0.0001953125
0.0001953125
0.0001953125
0.0001953125
0.0001953125
0.0001953125
0.0001953125
0.0001953125
0.0001953125
0.0001953125
9.765625e-05
9.765625e-05
Saving...86.70666666666666
9.765625e-05
9.765625e-05
9.765625e-05
9.765625e-05
9.765625e-05
9.765625e-05
9.765625e-05
9.765625e-05
9.765625e-05
9.765625e-05
4.8828125e-05
4.8828125e-05
4.8828125e-05
Saving...86.75
4.8828125e-05
4.8828125e-05
4.8828125e-05
4.8828125e-05
4.8828125e-05
4.8828125e-05
4.8828125e-05
Saving...86.90666666666667
4.8828125e-05
4.8828125e-05
4.8828125e-05
2.44140625e-05
2.44140625e-05
2.44140625e-05
2.44140625e-05
2.44140625e-05
2.44140625e-05
2.44140625e-05
2.44140625e-05
2.44140625e-05
2.44140625e-05
2.44140625e-05
2.44140625e-05
1.220703125e-05
1.220703125e-05
1.220703125e-05
1.220703125e-05
1.220703125e-05
1.220703125e-05
1.220703125e-05
1.220703125e-05
1.220703125e-05
1.220703125e-05
1.220703125e-05
6.103515625e-06
6.103515625e-06
6.103515625e-06
6.103515625e-06
Saving...86.97333333333333
6.103515625e-06
6.103515625e-06
6.103515625e-06
6.103515625e-06
6.103515625e-06
6.103515625e-06
6.103515625e-06
6.103515625e-06
6.103515625e-06
6.103515625e-06
3.0517578125e-06
3.0517578125e-06
3.0517578125e-06
3.0517578125e-06
3.0517578125e-06
Saving...86.97666666666667
3.0517578125e-06
3.0517578125e-06
3.0517578125e-06
3.0517578125e-06
3.0517578125e-06
3.0517578125e-06
3.0517578125e-06
3.0517578125e-06
3.0517578125e-06
3.0517578125e-06
3.0517578125e-06
3.0517578125e-06
3.0517578125e-06
3.0517578125e-06
3.0517578125e-06
3.0517578125e-06
3.0517578125e-06
Saving...87.04333333333334
1.52587890625e-06
1.52587890625e-06
1.52587890625e-06
1.52587890625e-06
1.52587890625e-06
1.52587890625e-06
1.52587890625e-06
1.52587890625e-06
1.52587890625e-06
1.52587890625e-06
1.52587890625e-06
7.62939453125e-07
7.62939453125e-07
7.62939453125e-07
7.62939453125e-07
7.62939453125e-07
7.62939453125e-07
7.62939453125e-07
7.62939453125e-07
7.62939453125e-07
7.62939453125e-07
7.62939453125e-07
3.814697265625e-07
3.814697265625e-07
3.814697265625e-07
3.814697265625e-07
3.814697265625e-07
3.814697265625e-07
3.814697265625e-07
3.814697265625e-07
3.814697265625e-07
3.814697265625e-07
3.814697265625e-07
1.9073486328125e-07
1.9073486328125e-07
1.9073486328125e-07
1.9073486328125e-07
1.9073486328125e-07
1.9073486328125e-07
1.9073486328125e-07
1.9073486328125e-07
1.9073486328125e-07
1.9073486328125e-07
1.9073486328125e-07
9.5367431640625e-08
9.5367431640625e-08
9.5367431640625e-08
9.5367431640625e-08
9.5367431640625e-08
9.5367431640625e-08
9.5367431640625e-08
9.5367431640625e-08
9.5367431640625e-08
9.5367431640625e-08
9.5367431640625e-08
4.76837158203125e-08
4.76837158203125e-08
4.76837158203125e-08
4.76837158203125e-08
4.76837158203125e-08
4.76837158203125e-08
4.76837158203125e-08
4.76837158203125e-08
4.76837158203125e-08
4.76837158203125e-08
4.76837158203125e-08
2.384185791015625e-08
2.384185791015625e-08
2.384185791015625e-08
2.384185791015625e-08
2.384185791015625e-08
2.384185791015625e-08
2.384185791015625e-08
2.384185791015625e-08
2.384185791015625e-08
2.384185791015625e-08
2.384185791015625e-08
1.1920928955078126e-08
1.1920928955078126e-08
1.1920928955078126e-08
1.1920928955078126e-08
1.1920928955078126e-08
1.1920928955078126e-08
1.1920928955078126e-08
1.1920928955078126e-08
1.1920928955078126e-08
1.1920928955078126e-08
1.1920928955078126e-08
1.1920928955078126e-08
1.1920928955078126e-08
1.1920928955078126e-08
1.1920928955078126e-08
1.1920928955078126e-08
1.1920928955078126e-08
1.1920928955078126e-08
1.1920928955078126e-08
1.1920928955078126e-08
1.1920928955078126e-08
1.1920928955078126e-08
1.1920928955078126e-08
1.1920928955078126e-08
1.1920928955078126e-08
1.1920928955078126e-08
1.1920928955078126e-08
1.1920928955078126e-08
1.1920928955078126e-08
1.1920928955078126e-08
1.1920928955078126e-08
1.1920928955078126e-08
1.1920928955078126e-08
1.1920928955078126e-08
1.1920928955078126e-08
1.1920928955078126e-08
1.1920928955078126e-08
1.1920928955078126e-08
1.1920928955078126e-08
1.1920928955078126e-08
1.1920928955078126e-08
1.1920928955078126e-08
1.1920928955078126e-08
1.1920928955078126e-08
1.1920928955078126e-08
1.1920928955078126e-08
1.1920928955078126e-08
1.1920928955078126e-08
1.1920928955078126e-08
1.1920928955078126e-08
1.1920928955078126e-08
1.1920928955078126e-08
1.1920928955078126e-08
1.1920928955078126e-08
1.1920928955078126e-08
1.1920928955078126e-08
1.1920928955078126e-08
1.1920928955078126e-08
1.1920928955078126e-08
1.1920928955078126e-08
1.1920928955078126e-08
1.1920928955078126e-08
1.1920928955078126e-08
1.1920928955078126e-08
1.1920928955078126e-08
1.1920928955078126e-08
1.1920928955078126e-08
1.1920928955078126e-08
1.1920928955078126e-08
1.1920928955078126e-08
1.1920928955078126e-08
1.1920928955078126e-08
1.1920928955078126e-08
1.1920928955078126e-08
1.1920928955078126e-08
1.1920928955078126e-08
1.1920928955078126e-08
1.1920928955078126e-08
1.1920928955078126e-08
1.1920928955078126e-08
1.1920928955078126e-08
1.1920928955078126e-08
1.1920928955078126e-08
1.1920928955078126e-08
1.1920928955078126e-08
1.1920928955078126e-08
1.1920928955078126e-08
1.1920928955078126e-08
1.1920928955078126e-08
1.1920928955078126e-08
1.1920928955078126e-08
1.1920928955078126e-08
1.1920928955078126e-08
1.1920928955078126e-08
1.1920928955078126e-08
1.1920928955078126e-08
1.1920928955078126e-08
1.1920928955078126e-08
1.1920928955078126e-08
1.1920928955078126e-08
1.1920928955078126e-08
1.1920928955078126e-08
1.1920928955078126e-08
1.1920928955078126e-08
1.1920928955078126e-08
1.1920928955078126e-08
1.1920928955078126e-08
1.1920928955078126e-08
1.1920928955078126e-08
1.1920928955078126e-08
1.1920928955078126e-08
1.1920928955078126e-08
1.1920928955078126e-08
1.1920928955078126e-08
1.1920928955078126e-08
1.1920928955078126e-08
1.1920928955078126e-08
1.1920928955078126e-08
1.1920928955078126e-08
1.1920928955078126e-08
1.1920928955078126e-08
1.1920928955078126e-08
1.1920928955078126e-08
1.1920928955078126e-08
1.1920928955078126e-08
1.1920928955078126e-08
1.1920928955078126e-08
1.1920928955078126e-08
1.1920928955078126e-08
1.1920928955078126e-08
1.1920928955078126e-08
1.1920928955078126e-08
1.1920928955078126e-08
1.1920928955078126e-08
1.1920928955078126e-08
1.1920928955078126e-08
1.1920928955078126e-08
1.1920928955078126e-08
1.1920928955078126e-08
1.1920928955078126e-08
1.1920928955078126e-08
1.1920928955078126e-08
1.1920928955078126e-08
1.1920928955078126e-08
1.1920928955078126e-08
1.1920928955078126e-08
1.1920928955078126e-08
1.1920928955078126e-08
1.1920928955078126e-08
1.1920928955078126e-08
1.1920928955078126e-08
1.1920928955078126e-08
1.1920928955078126e-08
1.1920928955078126e-08
1.1920928955078126e-08
1.1920928955078126e-08
1.1920928955078126e-08
1.1920928955078126e-08
1.1920928955078126e-08
1.1920928955078126e-08
1.1920928955078126e-08
1.1920928955078126e-08
1.1920928955078126e-08
1.1920928955078126e-08
1.1920928955078126e-08
1.1920928955078126e-08
1.1920928955078126e-08
1.1920928955078126e-08
1.1920928955078126e-08
1.1920928955078126e-08
1.1920928955078126e-08
1.1920928955078126e-08
1.1920928955078126e-08
1.1920928955078126e-08
1.1920928955078126e-08
1.1920928955078126e-08
1.1920928955078126e-08
1.1920928955078126e-08
1.1920928955078126e-08
1.1920928955078126e-08
1.1920928955078126e-08
1.1920928955078126e-08
1.1920928955078126e-08
1.1920928955078126e-08
1.1920928955078126e-08
1.1920928955078126e-08
1.1920928955078126e-08
1.1920928955078126e-08
1.1920928955078126e-08
1.1920928955078126e-08
1.1920928955078126e-08
1.1920928955078126e-08
1.1920928955078126e-08
1.1920928955078126e-08
1.1920928955078126e-08
1.1920928955078126e-08
1.1920928955078126e-08
1.1920928955078126e-08
1.1920928955078126e-08
1.1920928955078126e-08
1.1920928955078126e-08
1.1920928955078126e-08
1.1920928955078126e-08
1.1920928955078126e-08
1.1920928955078126e-08
1.1920928955078126e-08
1.1920928955078126e-08
1.1920928955078126e-08
1.1920928955078126e-08
1.1920928955078126e-08
1.1920928955078126e-08
1.1920928955078126e-08
1.1920928955078126e-08
1.1920928955078126e-08
1.1920928955078126e-08
1.1920928955078126e-08
1.1920928955078126e-08
1.1920928955078126e-08
1.1920928955078126e-08
1.1920928955078126e-08
1.1920928955078126e-08
1.1920928955078126e-08
1.1920928955078126e-08
1.1920928955078126e-08
1.1920928955078126e-08
1.1920928955078126e-08
1.1920928955078126e-08
1.1920928955078126e-08
1.1920928955078126e-08
1.1920928955078126e-08
1.1920928955078126e-08
1.1920928955078126e-08
1.1920928955078126e-08
1.1920928955078126e-08
1.1920928955078126e-08
